2020/10/12 16:09:41 Starting BluejeansHelper ..
2020/10/12 16:09:41 created app watch channel  0xc420116180
2020/10/12 17:29:49 Starting BluejeansHelper ..
2020/10/12 17:29:49 created app watch channel  0xc420108180
2020/10/13 08:46:22 Starting BluejeansHelper ..
2020/10/13 08:46:22 created app watch channel  0xc42001e240
2020/10/13 09:27:41 Starting BluejeansHelper ..
2020/10/13 09:27:41 created app watch channel  0xc420116180
2020/10/13 13:52:28 Starting BluejeansHelper ..
2020/10/13 13:52:28 created app watch channel  0xc420108180
2020/10/14 08:13:00 Starting BluejeansHelper ..
2020/10/14 08:13:01 created app watch channel  0xc420116180
2020/10/14 12:11:26 Starting BluejeansHelper ..
2020/10/14 12:11:26 created app watch channel  0xc420106180
2020/10/14 13:05:30 Starting BluejeansHelper ..
2020/10/14 13:05:30 created app watch channel  0xc42012a180
2020/10/14 13:22:24 Starting BluejeansHelper ..
2020/10/14 13:22:24 created app watch channel  0xc42012a180
2020/10/15 07:43:53 Starting BluejeansHelper ..
2020/10/15 07:43:53 created app watch channel  0xc420116180
2020/10/15 09:31:10 Starting BluejeansHelper ..
2020/10/15 09:31:10 created app watch channel  0xc420108180
2020/10/15 12:19:32 Starting BluejeansHelper ..
2020/10/15 12:19:32 created app watch channel  0xc420108180
2020/10/16 07:53:58 Starting BluejeansHelper ..
2020/10/16 07:53:58 created app watch channel  0xc4200842a0
2020/10/16 12:25:12 Starting BluejeansHelper ..
2020/10/16 12:25:12 created app watch channel  0xc420108180
2020/10/16 12:30:49 Starting BluejeansHelper ..
2020/10/16 12:30:49 created app watch channel  0xc4200842a0
2020/10/16 15:58:18 referrer = https://bluejeans.com/
2020/10/16 15:58:18 referrer hostname  = bluejeans.com
2020/10/16 15:58:18 Valid referrer ? =  true
2020/10/16 15:58:18 App installed?  true
2020/10/16 15:58:18 Error -  <nil>
2020/10/16 15:58:19 referrer = https://bluejeans.com/
2020/10/16 15:58:19 referrer hostname  = bluejeans.com
2020/10/16 15:58:19 Valid referrer ? =  true
2020/10/16 15:58:19 Launching LINUX app with =  bjnb://launch/meeting/fch66x3retjq48hu48rjwc1e60h2r8kdcnjq8ubecxfp2w3948x24u3mehr76ehf5xh6rxb5d9jp2vkk5thpyv925gh6utb5ehmpwtuzd5j24eh26gtkad9j64tkge925gh76vvne9hpa8hu49h74vvqedjq48hc49r62wkmd5hpjw31dtu5yw31edtp6vv4cmh3m8hm64wkc8hc49t6yv35bxr62wvkcdqp8t9278h38c9t6rh2r8knedjq4qv6enp6rqvec5ppa8hu49w62xk948p24xbkcnt5yv3fcdgprt9278h6avh25gh6utb5ehmpwtuzc5hp6tbkedfq8vvbcnq24eh264up8e1r6hk30c9r65h38dtt61h68d1g68up8t9p6cwk2d1jcrvm0yhp68h2r8kdd5w70rbecnp5yrvfdtq6arvmd5qpwqv9cgh3m8hh6wuk2rk261k64chm6gr34b9gc5j6adhjcnk30t9r6rrkae1d6ww34d1p6wup6b9hctgk8c1g5mrked9hc9h30tk268ukcd31bwrkcc1j70ukcdht70w3ac125gh64v3ncnn6arbeedfp8ubkehmpwrvmbxmp88hu48rked9hc9h30tk268u38c1j5mr62t356rt6athgcmw3cc9n70pkee1j6gv3edb35mrpcr9m60r2uc9q6mrp4rhgcth34d9p6hgj4b12cnq78tbje1t6jwv5bxmp88hu6gv34e1gfm?ctxver=1.0.0&dt=1602856699006
2020/10/16 16:43:12 Starting BluejeansHelper ..
2020/10/16 16:43:12 created app watch channel  0xc42001e240
2020/10/19 07:55:49 Starting BluejeansHelper ..
2020/10/19 07:55:49 created app watch channel  0xc420116180
2020/10/19 09:06:48 Starting BluejeansHelper ..
2020/10/19 09:06:48 created app watch channel  0xc420116180
2020/10/19 19:11:50 Starting BluejeansHelper ..
2020/10/19 19:11:50 created app watch channel  0xc420116180
2020/10/20 07:55:47 Starting BluejeansHelper ..
2020/10/20 07:55:47 created app watch channel  0xc42001e240
2020/10/20 12:02:02 Starting BluejeansHelper ..
2020/10/20 12:02:02 created app watch channel  0xc42001e240
2020/10/21 08:04:24 Starting BluejeansHelper ..
2020/10/21 08:04:24 created app watch channel  0xc42001e240
2020/10/23 15:23:00 Starting BluejeansHelper ..
2020/10/23 15:23:00 created app watch channel  0xc42010a180
2020/10/24 10:10:04 Starting BluejeansHelper ..
2020/10/24 10:10:04 created app watch channel  0xc42001e240
2020/10/24 12:32:37 Starting BluejeansHelper ..
2020/10/24 12:32:37 created app watch channel  0xc420116180
2020/11/02 07:09:51 Starting BluejeansHelper ..
2020/11/02 07:09:51 created app watch channel  0xc42001e240
2020/11/03 13:43:18 Starting BluejeansHelper ..
2020/11/03 13:43:18 created app watch channel  0xc420104180
2020/11/04 09:29:02 Starting BluejeansHelper ..
2020/11/04 09:29:02 created app watch channel  0xc42001e240
2020/11/05 14:38:03 Starting BluejeansHelper ..
2020/11/05 14:38:03 created app watch channel  0xc420130180
